#
# A fatal error has been detected by the Java Runtime Environment:
#
#  EXCEPTION_ACCESS_VIOLATION (0xc0000005) at pc=0x00007ffd37bf0fdb, pid=17176, tid=14216
#
# JRE version: Java(TM) SE Runtime Environment 18.9 (11.0.8+10) (build 11.0.8+10-LTS)
# Java VM: Java HotSpot(TM) 64-Bit Server VM 18.9 (11.0.8+10-LTS, mixed mode, tiered, compressed oops, g1 gc, windows-amd64)
# Problematic frame:
# V  [jvm.dll+0x680fdb]
#
# No core dump will be written. Minidumps are not enabled by default on client versions of Windows
#
# If you would like to submit a bug report, please visit:
#   https://bugreport.java.com/bugreport/crash.jsp
#

---------------  S U M M A R Y ------------

Command Line: -agentlib:jdwp=transport=dt_socket,suspend=y,address=localhost:62145 -Dcom.sun.management.jmxremote -Dcom.sun.management.jmxremote.port=62144 -Dcom.sun.management.jmxremote.authenticate=false -Dcom.sun.management.jmxremote.ssl=false -Djava.rmi.server.hostname=localhost -Dspring.jmx.enabled=true -Dspring.liveBeansView.mbeanDomain -Dspring.application.admin.enabled=true -Xverify:none -XX:TieredStopAtLevel=1 -Dspring.boot.project.name=hangman -Dfile.encoding=UTF-8 com.hangman.HangmanApplication

Host: Intel(R) Core(TM) i7-8550U CPU @ 1.80GHz, 8 cores, 7G,  Windows 10 , 64 bit Build 19041 (10.0.19041.928)
Time: Tue Jun  1 23:16:20 2021 Hora oficial do Brasil elapsed time: 522 seconds (0d 0h 8m 42s)

---------------  T H R E A D  ---------------

Current thread (0x000002806f1b5800):  VMThread "VM Thread" [stack: 0x000000fddd900000,0x000000fddda00000] [id=14216]

Stack: [0x000000fddd900000,0x000000fddda00000],  sp=0x000000fddd9fee10,  free space=1019k
Native frames: (J=compiled Java code, j=interpreted, Vv=VM code, C=native code)
V  [jvm.dll+0x680fdb]
V  [jvm.dll+0x319e93]
V  [jvm.dll+0x31bbed]
V  [jvm.dll+0x31c5b2]
V  [jvm.dll+0x319cec]
V  [jvm.dll+0x318f22]
V  [jvm.dll+0x5f12e5]
V  [jvm.dll+0x5f106d]
V  [jvm.dll+0x5b9053]
V  [jvm.dll+0x4d62d1]
V  [jvm.dll+0x74007c]
V  [jvm.dll+0x73e397]
V  [jvm.dll+0x73ebc0]
V  [jvm.dll+0x73eed7]
V  [jvm.dll+0x6f845c]
V  [jvm.dll+0x600d66]
C  [ucrtbase.dll+0x21bb2]
C  [KERNEL32.DLL+0x17034]
C  [ntdll.dll+0x52651]


siginfo: EXCEPTION_ACCESS_VIOLATION (0xc0000005), reading address 0x00000000008c009a


Register to memory mapping:

RIP=0x00007ffd37bf0fdb jvm.dll
RAX=0x000000fddd9feea0 points into unknown readable memory: ff ff ff 2f 00 00 00 00
RBX=0x000000fddd9fee70 points into unknown readable memory: 48 21 db 37 fd 7f 00 00
RCX=0x0 is NULL
RDX=0x00000000008c0094 is an unknown value
RSP=0x000000fddd9fee10 points into unknown readable memory: 70 ee 9f dd fd 00 00 00
RBP=0x000000fddd9ff3c0 points into unknown readable memory: e8 02 17 6f 80 02 00 00
RSI=0x0 is NULL
RDI=0x00000000008c0094 is an unknown value
R8 =0x0 is NULL
R9 =0x0000028075bad0d8 is pointing into metadata
R10=0x00007ffd37570000 jvm.dll
R11={method} {0x0000028075bab450} 'proccessGame' '(Lcom/hangman/model/Hangman;)Lcom/hangman/model/Hangman;' in 'com/hangman/service/HangmanServiceImpl'
R12=0x000002806f170128 points into unknown readable memory: 00 df 04 59 6f 00 00 00
R13=0x0000000000000168 is an unknown value
R14=0x0000028075bab3ee is pointing into metadata
R15=0x000000000000007b is an unknown value


Registers:
RAX=0x000000fddd9feea0, RBX=0x000000fddd9fee70, RCX=0x0000000000000000, RDX=0x00000000008c0094
RSP=0x000000fddd9fee10, RBP=0x000000fddd9ff3c0, RSI=0x0000000000000000, RDI=0x00000000008c0094
R8 =0x0000000000000000, R9 =0x0000028075bad0d8, R10=0x00007ffd37570000, R11=0x0000028075bab448
R12=0x000002806f170128, R13=0x0000000000000168, R14=0x0000028075bab3ee, R15=0x000000000000007b
RIP=0x00007ffd37bf0fdb, EFLAGS=0x0000000000010246

Top of Stack: (sp=0x000000fddd9fee10)
0x000000fddd9fee10:   000000fddd9fee70 00007ffda6a10d9e
0x000000fddd9fee20:   00007ffda6a00000 00007ffd37bf155b
0x000000fddd9fee30:   0000000000000000 00007ffd37889e93
0x000000fddd9fee40:   0000000000000000 000000fddd9ff530
0x000000fddd9fee50:   000000fddd9ff460 00007ffd37bf0d1a
0x000000fddd9fee60:   000000fddd9feec0 ffffffffffffffff
0x000000fddd9fee70:   00007ffd37db2148 00000000008c0094
0x000000fddd9fee80:   0000000000000000 00007ffd0000000a
0x000000fddd9fee90:   000000fddd9feea0 000000fd00000000
0x000000fddd9feea0:   000000002fffffff 000002806f170190
0x000000fddd9feeb0:   4fffffff4fffffff 4fffffff4fffffff
0x000000fddd9feec0:   00007ffd37db2148 000002806f0a8c80
0x000000fddd9feed0:   0000000000000026 00007ffd0000000e
0x000000fddd9feee0:   000000fddd9fef00 00007ffda6a12437
0x000000fddd9feef0:   0000000000000000 00007ffd37bf155b
0x000000fddd9fef00:   4fffffff4fffffff 4fffffff4fffffff 

Instructions: (pc=0x00007ffd37bf0fdb)
0x00007ffd37bf0fbb:   cc cc cc cc cc 40 53 48 83 ec 20 c7 41 10 00 00
0x00007ffd37bf0fcb:   00 00 48 8b d9 48 89 7c 24 38 48 8b 79 08 33 c9
0x00007ffd37bf0fdb:   80 7f 06 28 74 26 44 8d 49 28 8d 51 35 48 8d 0d
0x00007ffd37bf0feb:   a1 18 21 00 4c 8d 05 8a 18 21 00 e8 95 15 bc ff 


Stack slot to memory mapping:
stack at sp + 0 slots: 0x000000fddd9fee70 points into unknown readable memory: 48 21 db 37 fd 7f 00 00
stack at sp + 1 slots: 0x00007ffda6a10d9e ucrtbase.dll
stack at sp + 2 slots: 0x00007ffda6a00000 ucrtbase.dll
stack at sp + 3 slots: 0x00007ffd37bf155b jvm.dll
stack at sp + 4 slots: 0x0 is NULL
stack at sp + 5 slots: 0x00007ffd37889e93 jvm.dll
stack at sp + 6 slots: 0x0 is NULL
stack at sp + 7 slots: 0x000000fddd9ff530 points into unknown readable memory: a8 20 df 37 fd 7f 00 00

VM_Operation (0x000000fdde1ff2e0): GetOrSetLocal, mode: safepoint, requested by thread 0x000002806fd2c800


---------------  P R O C E S S  ---------------

Threads class SMR info:
_java_thread_list=0x000002807464e050, length=35, elements={
0x000002806f1ef000, 0x000002806f1f8800, 0x000002806f1e9800, 0x000002806f1eb800,
0x000002806f1fe000, 0x000002806fb62800, 0x000002806f172000, 0x000002806fd2c800,
0x000002806fd30800, 0x000002806fd34000, 0x000002806fd40800, 0x000002807066e800,
0x0000028070696000, 0x00000280706eb800, 0x0000028071b85800, 0x0000028071ba4000,
0x0000028071baa800, 0x0000028071f86800, 0x0000028072096000, 0x0000028071fa6800,
0x00000280720aa000, 0x00000280720a9000, 0x00000280720a8800, 0x0000028074796800,
0x000002807479c000, 0x000002807479b000, 0x0000028074798000, 0x000002807479d000,
0x0000028074798800, 0x0000028074797000, 0x000002807479f800, 0x000002807479d800,
0x000002807479e800, 0x0000028074799800, 0x00000280747a0000
}

Java Threads: ( => current thread )
  0x000002806f1ef000 JavaThread "Reference Handler" daemon [_thread_blocked, id=4120, stack(0x000000fddda00000,0x000000fdddb00000)]
  0x000002806f1f8800 JavaThread "Finalizer" daemon [_thread_blocked, id=17864, stack(0x000000fdddb00000,0x000000fdddc00000)]
  0x000002806f1e9800 JavaThread "Signal Dispatcher" daemon [_thread_blocked, id=12000, stack(0x000000fdddc00000,0x000000fdddd00000)]
  0x000002806f1eb800 JavaThread "Attach Listener" daemon [_thread_blocked, id=14608, stack(0x000000fdddd00000,0x000000fddde00000)]
  0x000002806f1fe000 JavaThread "C1 CompilerThread0" daemon [_thread_blocked, id=14992, stack(0x000000fddde00000,0x000000fdddf00000)]
  0x000002806fb62800 JavaThread "Sweeper thread" daemon [_thread_blocked, id=20072, stack(0x000000fdddf00000,0x000000fdde000000)]
  0x000002806f172000 JavaThread "Common-Cleaner" daemon [_thread_blocked, id=8032, stack(0x000000fdde000000,0x000000fdde100000)]
  0x000002806fd2c800 JavaThread "JDWP Transport Listener: dt_socket" daemon [_thread_blocked, id=9640, stack(0x000000fdde100000,0x000000fdde200000)] _threads_hazard_ptr=0x000002807464e050
  0x000002806fd30800 JavaThread "JDWP Event Helper Thread" daemon [_thread_blocked, id=10548, stack(0x000000fdde200000,0x000000fdde300000)]
  0x000002806fd34000 JavaThread "JDWP Command Reader" daemon [_thread_in_native, id=16948, stack(0x000000fdde300000,0x000000fdde400000)]
  0x000002806fd40800 JavaThread "Service Thread" daemon [_thread_blocked, id=8608, stack(0x000000fdde400000,0x000000fdde500000)]
  0x000002807066e800 JavaThread "RMI TCP Accept-0" daemon [_thread_in_native, id=15500, stack(0x000000fdde500000,0x000000fdde600000)]
  0x0000028070696000 JavaThread "RMI TCP Accept-62144" daemon [_thread_in_native, id=1644, stack(0x000000fdde600000,0x000000fdde700000)]
  0x00000280706eb800 JavaThread "RMI TCP Accept-0" daemon [_thread_in_native, id=8012, stack(0x000000fdde700000,0x000000fdde800000)]
  0x0000028071b85800 JavaThread "RMI TCP Connection(1)-127.0.0.1" daemon [_thread_blocked, id=10220, stack(0x000000fddeb00000,0x000000fddec00000)]
  0x0000028071ba4000 JavaThread "RMI Scheduler(0)" daemon [_thread_blocked, id=19776, stack(0x000000fddee00000,0x000000fddef00000)]
  0x0000028071baa800 JavaThread "JMX server connection timeout 26" daemon [_thread_blocked, id=6664, stack(0x000000fddf100000,0x000000fddf200000)]
  0x0000028071f86800 JavaThread "HikariPool-1 housekeeper" daemon [_thread_blocked, id=13812, stack(0x000000fddf200000,0x000000fddf300000)]
  0x0000028072096000 JavaThread "Catalina-utility-1" [_thread_blocked, id=7868, stack(0x000000fddf300000,0x000000fddf400000)]
  0x0000028071fa6800 JavaThread "Catalina-utility-2" [_thread_blocked, id=4288, stack(0x000000fddf400000,0x000000fddf500000)]
  0x00000280720aa000 JavaThread "container-0" [_thread_blocked, id=13856, stack(0x000000fddf500000,0x000000fddf600000)]
  0x00000280720a9000 JavaThread "http-nio-8080-BlockPoller" daemon [_thread_blocked, id=11956, stack(0x000000fddf900000,0x000000fddfa00000)]
  0x00000280720a8800 JavaThread "http-nio-8080-exec-1" daemon [_thread_blocked, id=3076, stack(0x000000fddfa00000,0x000000fddfb00000)]
  0x0000028074796800 JavaThread "http-nio-8080-exec-2" daemon [_thread_blocked, id=4720, stack(0x000000fddfb00000,0x000000fddfc00000)]
  0x000002807479c000 JavaThread "http-nio-8080-exec-3" daemon [_thread_blocked, id=18596, stack(0x000000fddfc00000,0x000000fddfd00000)]
  0x000002807479b000 JavaThread "http-nio-8080-exec-4" daemon [_thread_blocked, id=7344, stack(0x000000fddfd00000,0x000000fddfe00000)]
  0x0000028074798000 JavaThread "http-nio-8080-exec-5" daemon [_thread_blocked, id=18312, stack(0x000000fddfe00000,0x000000fddff00000)]
  0x000002807479d000 JavaThread "http-nio-8080-exec-6" daemon [_thread_blocked, id=18284, stack(0x000000fddff00000,0x000000fde0000000)]
  0x0000028074798800 JavaThread "http-nio-8080-exec-7" daemon [_thread_blocked, id=19332, stack(0x000000fde0000000,0x000000fde0100000)]
  0x0000028074797000 JavaThread "http-nio-8080-exec-8" daemon [_thread_blocked, id=12916, stack(0x000000fde0100000,0x000000fde0200000)]
  0x000002807479f800 JavaThread "http-nio-8080-exec-9" daemon [_thread_blocked, id=8476, stack(0x000000fde0200000,0x000000fde0300000)]
  0x000002807479d800 JavaThread "http-nio-8080-exec-10" daemon [_thread_blocked, id=15780, stack(0x000000fde0300000,0x000000fde0400000)]
  0x000002807479e800 JavaThread "http-nio-8080-ClientPoller" daemon [_thread_in_native, id=17328, stack(0x000000fde0400000,0x000000fde0500000)]
  0x0000028074799800 JavaThread "http-nio-8080-Acceptor" daemon [_thread_in_native, id=7720, stack(0x000000fde0500000,0x000000fde0600000)]
  0x00000280747a0000 JavaThread "DestroyJavaVM" [_thread_blocked, id=11628, stack(0x000000fddd300000,0x000000fddd400000)]

Other Threads:
=>0x000002806f1b5800 VMThread "VM Thread" [stack: 0x000000fddd900000,0x000000fddda00000] [id=14216]
  0x00000280706ef000 WatcherThread [stack: 0x000000fdde800000,0x000000fdde900000] [id=6048]
  0x000002805050c000 GCTaskThread "GC Thread#0" [stack: 0x000000fddd400000,0x000000fddd500000] [id=13612]
  0x0000028070a3a800 GCTaskThread "GC Thread#1" [stack: 0x000000fdde900000,0x000000fddea00000] [id=15148]
  0x0000028070a56000 GCTaskThread "GC Thread#2" [stack: 0x000000fddea00000,0x000000fddeb00000] [id=17144]
  0x00000280714d6000 GCTaskThread "GC Thread#3" [stack: 0x000000fddec00000,0x000000fdded00000] [id=2012]
  0x000002807178e800 GCTaskThread "GC Thread#4" [stack: 0x000000fddef00000,0x000000fddf000000] [id=11884]
  0x00000280717a3000 GCTaskThread "GC Thread#5" [stack: 0x000000fddf000000,0x000000fddf100000] [id=13648]
  0x00000280720b1000 GCTaskThread "GC Thread#6" [stack: 0x000000fddf700000,0x000000fddf800000] [id=17028]
  0x0000028072004800 GCTaskThread "GC Thread#7" [stack: 0x000000fddf800000,0x000000fddf900000] [id=10492]
  0x0000028050541000 ConcurrentGCThread "G1 Main Marker" [stack: 0x000000fddd500000,0x000000fddd600000] [id=18940]
  0x0000028050545000 ConcurrentGCThread "G1 Conc#0" [stack: 0x000000fddd600000,0x000000fddd700000] [id=10236]
  0x00000280714bd000 ConcurrentGCThread "G1 Conc#1" [stack: 0x000000fdded00000,0x000000fddee00000] [id=10652]
  0x000002806f024800 ConcurrentGCThread "G1 Refine#0" [stack: 0x000000fddd700000,0x000000fddd800000] [id=18612]
  0x000002806f025000 ConcurrentGCThread "G1 Young RemSet Sampling" [stack: 0x000000fddd800000,0x000000fddd900000] [id=18156]

Threads with active compile tasks:

VM state:at safepoint (normal execution)

VM Mutex/Monitor currently owned by a thread:  ([mutex/lock_event])
[0x00000280504f3570] Threads_lock - owner thread: 0x000002806f1b5800

Heap address: 0x0000000081400000, size: 2028 MB, Compressed Oops mode: 32-bit
Narrow klass base: 0x0000000000000000, Narrow klass shift: 3
Compressed class space size: 1073741824 Address: 0x0000000100000000

Heap:
 garbage-first heap   total 157696K, used 103882K [0x0000000081400000, 0x0000000100000000)
  region size 1024K, 83 young (84992K), 10 survivors (10240K)
 Metaspace       used 66837K, capacity 68914K, committed 68944K, reserved 1110016K
  class space    used 8642K, capacity 9462K, committed 9472K, reserved 1048576K
Heap Regions: E=young(eden), S=young(survivor), O=old, HS=humongous(starts), HC=humongous(continues), CS=collection set, F=free, A=archive, TAMS=top-at-mark-start (previous, next)
|   0|0x0000000081400000, 0x0000000081500000, 0x0000000081500000|100%|HS|  |TAMS 0x0000000081500000, 0x0000000081400000| Complete 
|   1|0x0000000081500000, 0x0000000081600000, 0x0000000081600000|100%| O|  |TAMS 0x0000000081600000, 0x0000000081500000| Untracked 
|   2|0x0000000081600000, 0x0000000081700000, 0x0000000081700000|100%| O|  |TAMS 0x0000000081700000, 0x0000000081600000| Untracked 
|   3|0x0000000081700000, 0x0000000081800000, 0x0000000081800000|100%| O|  |TAMS 0x0000000081800000, 0x0000000081700000| Untracked 
|   4|0x0000000081800000, 0x0000000081900000, 0x0000000081900000|100%| O|  |TAMS 0x0000000081900000, 0x0000000081800000| Untracked 
|   5|0x0000000081900000, 0x0000000081a00000, 0x0000000081a00000|100%| O|  |TAMS 0x0000000081a00000, 0x0000000081900000| Untracked 
|   6|0x0000000081a00000, 0x0000000081b00000, 0x0000000081b00000|100%| O|  |TAMS 0x0000000081b00000, 0x0000000081a00000| Untracked 
|   7|0x0000000081b00000, 0x0000000081c00000, 0x0000000081c00000|100%| O|  |TAMS 0x0000000081c00000, 0x0000000081b00000| Untracked 
|   8|0x0000000081c00000, 0x0000000081d00000, 0x0000000081d00000|100%| O|  |TAMS 0x0000000081d00000, 0x0000000081c00000| Untracked 
|   9|0x0000000081d00000, 0x0000000081e00000, 0x0000000081e00000|100%| O|  |TAMS 0x0000000081e00000, 0x0000000081d00000| Untracked 
|  10|0x0000000081e00000, 0x0000000081f00000, 0x0000000081f00000|100%| O|  |TAMS 0x0000000081f00000, 0x0000000081e00000| Untracked 
|  11|0x0000000081f00000, 0x0000000082000000, 0x0000000082000000|100%| O|  |TAMS 0x0000000082000000, 0x0000000081f00000| Untracked 
|  12|0x0000000082000000, 0x0000000082100000, 0x0000000082100000|100%| O|  |TAMS 0x0000000082100000, 0x0000000082000000| Untracked 
|  13|0x0000000082100000, 0x0000000082200000, 0x0000000082200000|100%| O|  |TAMS 0x0000000082200000, 0x0000000082100000| Untracked 
|  14|0x0000000082200000, 0x0000000082300000, 0x0000000082300000|100%| O|  |TAMS 0x0000000082274800, 0x0000000082200000| Untracked 
|  15|0x0000000082300000, 0x0000000082400000, 0x0000000082400000|100%| O|  |TAMS 0x0000000082300000, 0x0000000082300000| Untracked 
|  16|0x0000000082400000, 0x0000000082500000, 0x0000000082500000|100%| O|  |TAMS 0x0000000082400000, 0x0000000082400000| Untracked 
|  17|0x0000000082500000, 0x0000000082600000, 0x0000000082600000|100%| O|  |TAMS 0x0000000082500000, 0x0000000082500000| Untracked 
|  18|0x0000000082600000, 0x0000000082700000, 0x0000000082700000|100%| O|  |TAMS 0x0000000082600000, 0x0000000082600000| Untracked 
|  19|0x0000000082700000, 0x0000000082800000, 0x0000000082800000|100%| O|  |TAMS 0x0000000082700000, 0x0000000082700000| Untracked 
|  20|0x0000000082800000, 0x000000008280e800, 0x0000000082900000|  5%| O|  |TAMS 0x0000000082800000, 0x0000000082800000| Untracked 
|  21|0x0000000082900000, 0x0000000082900000, 0x0000000082a00000|  0%| F|  |TAMS 0x0000000082900000, 0x0000000082900000| Untracked 
|  22|0x0000000082a00000, 0x0000000082a00000, 0x0000000082b00000|  0%| F|  |TAMS 0x0000000082a00000, 0x0000000082a00000| Untracked 
|  23|0x0000000082b00000, 0x0000000082b00000, 0x0000000082c00000|  0%| F|  |TAMS 0x0000000082b00000, 0x0000000082b00000| Untracked 
|  24|0x0000000082c00000, 0x0000000082c00000, 0x0000000082d00000|  0%| F|  |TAMS 0x0000000082c00000, 0x0000000082c00000| Untracked 
|  25|0x0000000082d00000, 0x0000000082d00000, 0x0000000082e00000|  0%| F|  |TAMS 0x0000000082d00000, 0x0000000082d00000| Untracked 
|  26|0x0000000082e00000, 0x0000000082e00000, 0x0000000082f00000|  0%| F|  |TAMS 0x0000000082e00000, 0x0000000082e00000| Untracked 
|  27|0x0000000082f00000, 0x0000000082f00000, 0x0000000083000000|  0%| F|  |TAMS 0x0000000082f00000, 0x0000000082f00000| Untracked 
|  28|0x0000000083000000, 0x0000000083000000, 0x0000000083100000|  0%| F|  |TAMS 0x0000000083000000, 0x0000000083000000| Untracked 
|  29|0x0000000083100000, 0x0000000083100000, 0x0000000083200000|  0%| F|  |TAMS 0x0000000083100000, 0x0000000083100000| Untracked 
|  30|0x0000000083200000, 0x0000000083200000, 0x0000000083300000|  0%| F|  |TAMS 0x0000000083200000, 0x0000000083200000| Untracked 
|  31|0x0000000083300000, 0x0000000083300000, 0x0000000083400000|  0%| F|  |TAMS 0x0000000083300000, 0x0000000083300000| Untracked 
|  32|0x0000000083400000, 0x0000000083400000, 0x0000000083500000|  0%| F|  |TAMS 0x0000000083400000, 0x0000000083400000| Untracked 
|  33|0x0000000083500000, 0x0000000083500000, 0x0000000083600000|  0%| F|  |TAMS 0x0000000083500000, 0x0000000083500000| Untracked 
|  34|0x0000000083600000, 0x0000000083600000, 0x0000000083700000|  0%| F|  |TAMS 0x0000000083600000, 0x0000000083600000| Untracked 
|  35|0x0000000083700000, 0x0000000083700000, 0x0000000083800000|  0%| F|  |TAMS 0x0000000083700000, 0x0000000083700000| Untracked 
|  36|0x0000000083800000, 0x0000000083800000, 0x0000000083900000|  0%| F|  |TAMS 0x0000000083800000, 0x0000000083800000| Untracked 
|  37|0x0000000083900000, 0x0000000083900000, 0x0000000083a00000|  0%| F|  |TAMS 0x0000000083900000, 0x0000000083900000| Untracked 
|  38|0x0000000083a00000, 0x0000000083a00000, 0x0000000083b00000|  0%| F|  |TAMS 0x0000000083a00000, 0x0000000083a00000| Untracked 
|  39|0x0000000083b00000, 0x0000000083b00000, 0x0000000083c00000|  0%| F|  |TAMS 0x0000000083b00000, 0x0000000083b00000| Untracked 
|  40|0x0000000083c00000, 0x0000000083c00000, 0x0000000083d00000|  0%| F|  |TAMS 0x0000000083c00000, 0x0000000083c00000| Untracked 
|  41|0x0000000083d00000, 0x0000000083d00000, 0x0000000083e00000|  0%| F|  |TAMS 0x0000000083d00000, 0x0000000083d00000| Untracked 
|  42|0x0000000083e00000, 0x0000000083e00000, 0x0000000083f00000|  0%| F|  |TAMS 0x0000000083e00000, 0x0000000083e00000| Untracked 
|  43|0x0000000083f00000, 0x0000000083f00000, 0x0000000084000000|  0%| F|  |TAMS 0x0000000083f00000, 0x0000000083f00000| Untracked 
|  44|0x0000000084000000, 0x0000000084000000, 0x0000000084100000|  0%| F|  |TAMS 0x0000000084000000, 0x0000000084000000| Untracked 
|  45|0x0000000084100000, 0x0000000084100000, 0x0000000084200000|  0%| F|  |TAMS 0x0000000084100000, 0x0000000084100000| Untracked 
|  46|0x0000000084200000, 0x0000000084200000, 0x0000000084300000|  0%| F|  |TAMS 0x0000000084200000, 0x0000000084200000| Untracked 
|  47|0x0000000084300000, 0x0000000084300000, 0x0000000084400000|  0%| F|  |TAMS 0x0000000084300000, 0x0000000084300000| Untracked 
|  48|0x0000000084400000, 0x0000000084400000, 0x0000000084500000|  0%| F|  |TAMS 0x0000000084400000, 0x0000000084400000| Untracked 
|  49|0x0000000084500000, 0x0000000084500000, 0x0000000084600000|  0%| F|  |TAMS 0x0000000084500000, 0x0000000084500000| Untracked 
|  50|0x0000000084600000, 0x0000000084600000, 0x0000000084700000|  0%| F|  |TAMS 0x0000000084600000, 0x0000000084600000| Untracked 
|  51|0x0000000084700000, 0x0000000084700000, 0x0000000084800000|  0%| F|  |TAMS 0x0000000084700000, 0x0000000084700000| Untracked 
|  52|0x0000000084800000, 0x00000000848640e0, 0x0000000084900000| 39%| S|CS|TAMS 0x0000000084800000, 0x0000000084800000| Complete 
|  53|0x0000000084900000, 0x0000000084a00000, 0x0000000084a00000|100%| S|CS|TAMS 0x0000000084900000, 0x0000000084900000| Complete 
|  54|0x0000000084a00000, 0x0000000084b00000, 0x0000000084b00000|100%| S|CS|TAMS 0x0000000084a00000, 0x0000000084a00000| Complete 
|  55|0x0000000084b00000, 0x0000000084c00000, 0x0000000084c00000|100%| S|CS|TAMS 0x0000000084b00000, 0x0000000084b00000| Complete 
|  56|0x0000000084c00000, 0x0000000084d00000, 0x0000000084d00000|100%| S|CS|TAMS 0x0000000084c00000, 0x0000000084c00000| Complete 
|  57|0x0000000084d00000, 0x0000000084e00000, 0x0000000084e00000|100%| S|CS|TAMS 0x0000000084d00000, 0x0000000084d00000| Complete 
|  58|0x0000000084e00000, 0x0000000084f00000, 0x0000000084f00000|100%| S|CS|TAMS 0x0000000084e00000, 0x0000000084e00000| Complete 
|  59|0x0000000084f00000, 0x0000000085000000, 0x0000000085000000|100%| S|CS|TAMS 0x0000000084f00000, 0x0000000084f00000| Complete 
|  60|0x0000000085000000, 0x0000000085100000, 0x0000000085100000|100%| S|CS|TAMS 0x0000000085000000, 0x0000000085000000| Complete 
|  61|0x0000000085100000, 0x0000000085200000, 0x0000000085200000|100%| S|CS|TAMS 0x0000000085100000, 0x0000000085100000| Complete 
|  62|0x0000000085200000, 0x0000000085200000, 0x0000000085300000|  0%| F|  |TAMS 0x0000000085200000, 0x0000000085200000| Untracked 
|  63|0x0000000085300000, 0x0000000085300000, 0x0000000085400000|  0%| F|  |TAMS 0x0000000085300000, 0x0000000085300000| Untracked 
|  64|0x0000000085400000, 0x0000000085400000, 0x0000000085500000|  0%| F|  |TAMS 0x0000000085400000, 0x0000000085400000| Untracked 
|  65|0x0000000085500000, 0x0000000085500000, 0x0000000085600000|  0%| F|  |TAMS 0x0000000085500000, 0x0000000085500000| Untracked 
|  66|0x0000000085600000, 0x0000000085600000, 0x0000000085700000|  0%| F|  |TAMS 0x0000000085600000, 0x0000000085600000| Untracked 
|  67|0x0000000085700000, 0x0000000085700000, 0x0000000085800000|  0%| F|  |TAMS 0x0000000085700000, 0x0000000085700000| Untracked 
|  68|0x0000000085800000, 0x0000000085800000, 0x0000000085900000|  0%| F|  |TAMS 0x0000000085800000, 0x0000000085800000| Untracked 
|  69|0x0000000085900000, 0x0000000085900000, 0x0000000085a00000|  0%| F|  |TAMS 0x0000000085900000, 0x0000000085900000| Untracked 
|  70|0x0000000085a00000, 0x0000000085a00000, 0x0000000085b00000|  0%| F|  |TAMS 0x0000000085a00000, 0x0000000085a00000| Untracked 
|  71|0x0000000085b00000, 0x0000000085b00000, 0x0000000085c00000|  0%| F|  |TAMS 0x0000000085b00000, 0x0000000085b00000| Untracked 
|  72|0x0000000085c00000, 0x0000000085c00000, 0x0000000085d00000|  0%| F|  |TAMS 0x0000000085c00000, 0x0000000085c00000| Untracked 
|  73|0x0000000085d00000, 0x0000000085d00000, 0x0000000085e00000|  0%| F|  |TAMS 0x0000000085d00000, 0x0000000085d00000| Untracked 
|  74|0x0000000085e00000, 0x0000000085e00000, 0x0000000085f00000|  0%| F|  |TAMS 0x0000000085e00000, 0x0000000085e00000| Untracked 
|  75|0x0000000085f00000, 0x0000000085f00000, 0x0000000086000000|  0%| F|  |TAMS 0x0000000085f00000, 0x0000000085f00000| Untracked 
|  76|0x0000000086000000, 0x0000000086000000, 0x0000000086100000|  0%| F|  |TAMS 0x0000000086000000, 0x0000000086000000| Untracked 
|  77|0x0000000086100000, 0x0000000086100000, 0x0000000086200000|  0%| F|  |TAMS 0x0000000086100000, 0x0000000086100000| Untracked 
|  78|0x0000000086200000, 0x0000000086200000, 0x0000000086300000|  0%| F|  |TAMS 0x0000000086200000, 0x0000000086200000| Untracked 
|  79|0x0000000086300000, 0x0000000086300000, 0x0000000086400000|  0%| F|  |TAMS 0x0000000086300000, 0x0000000086300000| Untracked 
|  80|0x0000000086400000, 0x0000000086400000, 0x0000000086500000|  0%| F|  |TAMS 0x0000000086400000, 0x0000000086400000| Untracked 
|  81|0x0000000086500000, 0x00000000865e9f98, 0x0000000086600000| 91%| E|  |TAMS 0x0000000086500000, 0x0000000086500000| Complete 
|  82|0x0000000086600000, 0x0000000086700000, 0x0000000086700000|100%| E|CS|TAMS 0x0000000086600000, 0x0000000086600000| Complete 
|  83|0x0000000086700000, 0x0000000086800000, 0x0000000086800000|100%| E|CS|TAMS 0x0000000086700000, 0x0000000086700000| Complete 
|  84|0x0000000086800000, 0x0000000086900000, 0x0000000086900000|100%| E|CS|TAMS 0x0000000086800000, 0x0000000086800000| Complete 
|  85|0x0000000086900000, 0x0000000086a00000, 0x0000000086a00000|100%| E|CS|TAMS 0x0000000086900000, 0x0000000086900000| Complete 
|  86|0x0000000086a00000, 0x0000000086b00000, 0x0000000086b00000|100%| E|CS|TAMS 0x0000000086a00000, 0x0000000086a00000| Complete 
|  87|0x0000000086b00000, 0x0000000086c00000, 0x0000000086c00000|100%| E|CS|TAMS 0x0000000086b00000, 0x0000000086b00000| Complete 
|  88|0x0000000086c00000, 0x0000000086d00000, 0x0000000086d00000|100%| E|CS|TAMS 0x0000000086c00000, 0x0000000086c00000| Complete 
|  89|0x0000000086d00000, 0x0000000086e00000, 0x0000000086e00000|100%| E|CS|TAMS 0x0000000086d00000, 0x0000000086d00000| Complete 
|  90|0x0000000086e00000, 0x0000000086f00000, 0x0000000086f00000|100%| E|CS|TAMS 0x0000000086e00000, 0x0000000086e00000| Complete 
|  91|0x0000000086f00000, 0x0000000087000000, 0x0000000087000000|100%| E|CS|TAMS 0x0000000086f00000, 0x0000000086f00000| Complete 
|  92|0x0000000087000000, 0x0000000087100000, 0x0000000087100000|100%| E|CS|TAMS 0x0000000087000000, 0x0000000087000000| Complete 
|  93|0x0000000087100000, 0x0000000087200000, 0x0000000087200000|100%| E|CS|TAMS 0x0000000087100000, 0x0000000087100000| Complete 
|  94|0x0000000087200000, 0x0000000087300000, 0x0000000087300000|100%| E|CS|TAMS 0x0000000087200000, 0x0000000087200000| Complete 
|  95|0x0000000087300000, 0x0000000087400000, 0x0000000087400000|100%| E|CS|TAMS 0x0000000087300000, 0x0000000087300000| Complete 
|  96|0x0000000087400000, 0x0000000087500000, 0x0000000087500000|100%| E|CS|TAMS 0x0000000087400000, 0x0000000087400000| Complete 
|  97|0x0000000087500000, 0x0000000087600000, 0x0000000087600000|100%| E|CS|TAMS 0x0000000087500000, 0x0000000087500000| Complete 
|  98|0x0000000087600000, 0x0000000087700000, 0x0000000087700000|100%| E|CS|TAMS 0x0000000087600000, 0x0000000087600000| Complete 
|  99|0x0000000087700000, 0x0000000087800000, 0x0000000087800000|100%| E|CS|TAMS 0x0000000087700000, 0x0000000087700000| Complete 
| 100|0x0000000087800000, 0x0000000087900000, 0x0000000087900000|100%| E|CS|TAMS 0x0000000087800000, 0x0000000087800000| Complete 
| 101|0x0000000087900000, 0x0000000087a00000, 0x0000000087a00000|100%| E|CS|TAMS 0x0000000087900000, 0x0000000087900000| Complete 
| 102|0x0000000087a00000, 0x0000000087b00000, 0x0000000087b00000|100%| E|CS|TAMS 0x0000000087a00000, 0x0000000087a00000| Complete 
| 103|0x0000000087b00000, 0x0000000087c00000, 0x0000000087c00000|100%| E|CS|TAMS 0x0000000087b00000, 0x0000000087b00000| Complete 
| 104|0x0000000087c00000, 0x0000000087d00000, 0x0000000087d00000|100%| E|CS|TAMS 0x0000000087c00000, 0x0000000087c00000| Complete 
| 105|0x0000000087d00000, 0x0000000087e00000, 0x0000000087e00000|100%| E|CS|TAMS 0x0000000087d00000, 0x0000000087d00000| Complete 
| 106|0x0000000087e00000, 0x0000000087f00000, 0x0000000087f00000|100%| E|CS|TAMS 0x0000000087e00000, 0x0000000087e00000| Complete 
| 107|0x0000000087f00000, 0x0000000088000000, 0x0000000088000000|100%| E|CS|TAMS 0x0000000087f00000, 0x0000000087f00000| Complete 
| 108|0x0000000088000000, 0x0000000088100000, 0x0000000088100000|100%| E|CS|TAMS 0x0000000088000000, 0x0000000088000000| Complete 
| 109|0x0000000088100000, 0x0000000088200000, 0x0000000088200000|100%| E|CS|TAMS 0x0000000088100000, 0x0000000088100000| Complete 
| 110|0x0000000088200000, 0x0000000088300000, 0x0000000088300000|100%| E|CS|TAMS 0x0000000088200000, 0x0000000088200000| Complete 
| 111|0x0000000088300000, 0x0000000088400000, 0x0000000088400000|100%| E|CS|TAMS 0x0000000088300000, 0x0000000088300000| Complete 
| 112|0x0000000088400000, 0x0000000088500000, 0x0000000088500000|100%| E|CS|TAMS 0x0000000088400000, 0x0000000088400000| Complete 
| 113|0x0000000088500000, 0x0000000088600000, 0x0000000088600000|100%| E|CS|TAMS 0x0000000088500000, 0x0000000088500000| Complete 
| 114|0x0000000088600000, 0x0000000088700000, 0x0000000088700000|100%| E|CS|TAMS 0x0000000088600000, 0x0000000088600000| Complete 
| 115|0x0000000088700000, 0x0000000088800000, 0x0000000088800000|100%| E|CS|TAMS 0x0000000088700000, 0x0000000088700000| Complete 
| 116|0x0000000088800000, 0x0000000088900000, 0x0000000088900000|100%| E|CS|TAMS 0x0000000088800000, 0x0000000088800000| Complete 
| 117|0x0000000088900000, 0x0000000088a00000, 0x0000000088a00000|100%| E|CS|TAMS 0x0000000088900000, 0x0000000088900000| Complete 
| 118|0x0000000088a00000, 0x0000000088b00000, 0x0000000088b00000|100%| E|CS|TAMS 0x0000000088a00000, 0x0000000088a00000| Complete 
| 119|0x0000000088b00000, 0x0000000088c00000, 0x0000000088c00000|100%| E|CS|TAMS 0x0000000088b00000, 0x0000000088b00000| Complete 
| 120|0x0000000088c00000, 0x0000000088d00000, 0x0000000088d00000|100%| E|CS|TAMS 0x0000000088c00000, 0x0000000088c00000| Complete 
| 121|0x0000000088d00000, 0x0000000088e00000, 0x0000000088e00000|100%| E|CS|TAMS 0x0000000088d00000, 0x0000000088d00000| Complete 
| 122|0x0000000088e00000, 0x0000000088f00000, 0x0000000088f00000|100%| E|CS|TAMS 0x0000000088e00000, 0x0000000088e00000| Complete 
| 123|0x0000000088f00000, 0x0000000089000000, 0x0000000089000000|100%| E|CS|TAMS 0x0000000088f00000, 0x0000000088f00000| Complete 
| 124|0x0000000089000000, 0x0000000089100000, 0x0000000089100000|100%| E|CS|TAMS 0x0000000089000000, 0x0000000089000000| Complete 
| 125|0x0000000089100000, 0x0000000089200000, 0x0000000089200000|100%| E|CS|TAMS 0x0000000089100000, 0x0000000089100000| Complete 
| 126|0x0000000089200000, 0x0000000089300000, 0x0000000089300000|100%| E|CS|TAMS 0x0000000089200000, 0x0000000089200000| Complete 
| 127|0x0000000089300000, 0x0000000089400000, 0x0000000089400000|100%| E|CS|TAMS 0x0000000089300000, 0x0000000089300000| Complete 
| 128|0x0000000089400000, 0x0000000089500000, 0x0000000089500000|100%| E|CS|TAMS 0x0000000089400000, 0x0000000089400000| Complete 
| 129|0x0000000089500000, 0x0000000089600000, 0x0000000089600000|100%| E|CS|TAMS 0x0000000089500000, 0x0000000089500000| Complete 
| 130|0x0000000089600000, 0x0000000089700000, 0x0000000089700000|100%| E|CS|TAMS 0x0000000089600000, 0x0000000089600000| Complete 
| 131|0x0000000089700000, 0x0000000089800000, 0x0000000089800000|100%| E|CS|TAMS 0x0000000089700000, 0x0000000089700000| Complete 
| 132|0x0000000089800000, 0x0000000089900000, 0x0000000089900000|100%| E|CS|TAMS 0x0000000089800000, 0x0000000089800000| Complete 
| 133|0x0000000089900000, 0x0000000089a00000, 0x0000000089a00000|100%| E|CS|TAMS 0x0000000089900000, 0x0000000089900000| Complete 
| 134|0x0000000089a00000, 0x0000000089b00000, 0x0000000089b00000|100%| E|CS|TAMS 0x0000000089a00000, 0x0000000089a00000| Complete 
| 135|0x0000000089b00000, 0x0000000089c00000, 0x0000000089c00000|100%| E|CS|TAMS 0x0000000089b00000, 0x0000000089b00000| Complete 
| 136|0x0000000089c00000, 0x0000000089d00000, 0x0000000089d00000|100%| E|CS|TAMS 0x0000000089c00000, 0x0000000089c00000| Complete 
| 137|0x0000000089d00000, 0x0000000089e00000, 0x0000000089e00000|100%| E|CS|TAMS 0x0000000089d00000, 0x0000000089d00000| Complete 
| 138|0x0000000089e00000, 0x0000000089f00000, 0x0000000089f00000|100%| E|CS|TAMS 0x0000000089e00000, 0x0000000089e00000| Complete 
| 139|0x0000000089f00000, 0x000000008a000000, 0x000000008a000000|100%| E|CS|TAMS 0x0000000089f00000, 0x0000000089f00000| Complete 
| 140|0x000000008a000000, 0x000000008a100000, 0x000000008a100000|100%| E|CS|TAMS 0x000000008a000000, 0x000000008a000000| Complete 
| 141|0x000000008a100000, 0x000000008a200000, 0x000000008a200000|100%| E|CS|TAMS 0x000000008a100000, 0x000000008a100000| Complete 
| 142|0x000000008a200000, 0x000000008a300000, 0x000000008a300000|100%| E|CS|TAMS 0x000000008a200000, 0x000000008a200000| Complete 
| 143|0x000000008a300000, 0x000000008a400000, 0x000000008a400000|100%| E|CS|TAMS 0x000000008a300000, 0x000000008a300000| Complete 
| 144|0x000000008a400000, 0x000000008a500000, 0x000000008a500000|100%| E|CS|TAMS 0x000000008a400000, 0x000000008a400000| Complete 
| 145|0x000000008a500000, 0x000000008a600000, 0x000000008a600000|100%| E|CS|TAMS 0x000000008a500000, 0x000000008a500000| Complete 
| 146|0x000000008a600000, 0x000000008a700000, 0x000000008a700000|100%| E|CS|TAMS 0x000000008a600000, 0x000000008a600000| Complete 
| 147|0x000000008a700000, 0x000000008a800000, 0x000000008a800000|100%| E|CS|TAMS 0x000000008a700000, 0x000000008a700000| Complete 
| 148|0x000000008a800000, 0x000000008a900000, 0x000000008a900000|100%| E|CS|TAMS 0x000000008a800000, 0x000000008a800000| Complete 
| 149|0x000000008a900000, 0x000000008aa00000, 0x000000008aa00000|100%| E|CS|TAMS 0x000000008a900000, 0x000000008a900000| Complete 
| 150|0x000000008aa00000, 0x000000008ab00000, 0x000000008ab00000|100%| E|CS|TAMS 0x000000008aa00000, 0x000000008aa00000| Complete 
| 151|0x000000008ab00000, 0x000000008ac00000, 0x000000008ac00000|100%| E|CS|TAMS 0x000000008ab00000, 0x000000008ab00000| Complete 
| 152|0x000000008ac00000, 0x000000008ad00000, 0x000000008ad00000|100%| E|CS|TAMS 0x000000008ac00000, 0x000000008ac00000| Complete 
| 153|0x000000008ad00000, 0x000000008ae00000, 0x000000008ae00000|100%| E|CS|TAMS 0x000000008ad00000, 0x000000008ad00000| Complete 

Card table byte_map: [0x0000028068030000,0x0000028068430000] _byte_map_base: 0x0000028067c26000

Marking Bits (Prev, Next): (CMBitMap*) 0x0000028050538450, (CMBitMap*) 0x0000028050538418
 Prev Bits: [0x000002806a7e0000, 0x000002806c790000)
 Next Bits: [0x0000028068830000, 0x000002806a7e0000)

Polling page: 0x000002804fcd0000

Metaspace:

Usage:
  Non-class:     58.06 MB capacity,    56.83 MB ( 98%) used,  1005.89 KB (  2%) free+waste,   251.13 KB ( <1%) overhead. 
      Class:      9.24 MB capacity,     8.44 MB ( 91%) used,   698.84 KB (  7%) free+waste,   121.00 KB (  1%) overhead. 
       Both:     67.30 MB capacity,    65.27 MB ( 97%) used,     1.66 MB (  2%) free+waste,   372.13 KB ( <1%) overhead. 

Virtual space:
  Non-class space:       60.00 MB reserved,      58.08 MB ( 97%) committed 
      Class space:        1.00 GB reserved,       9.25 MB ( <1%) committed 
             Both:        1.06 GB reserved,      67.33 MB (  6%) committed 

Chunk freelists:
   Non-Class:  2.50 KB
       Class:  1.25 KB
        Both:  3.75 KB

CodeHeap 'non-profiled nmethods': size=238336Kb used=9451Kb max_used=9451Kb free=228884Kb
 bounds [0x0000028059040000, 0x0000028059980000, 0x0000028067900000]
CodeHeap 'non-nmethods': size=7424Kb used=1328Kb max_used=1328Kb free=6095Kb
 bounds [0x0000028058900000, 0x0000028058b70000, 0x0000028059040000]
 total_blobs=6012 nmethods=5391 adapters=555
 compilation: enabled
              stopped_count=0, restarted_count=0
 full_count=0

Compilation events (10 events):
Event: 433.051 Thread 0x000002806f1fe000 5424       1       org.apache.catalina.mapper.MapperListener::lifecycleEvent (178 bytes)
Event: 433.052 Thread 0x000002806f1fe000 nmethod 5424 0x0000028059978e10 code [0x0000028059979080, 0x0000028059979850]
Event: 433.052 Thread 0x000002806f1fe000 5425       1       org.apache.catalina.core.StandardWrapper::getServlet (5 bytes)
Event: 433.052 Thread 0x000002806f1fe000 nmethod 5425 0x0000028059979b90 code [0x0000028059979d20, 0x0000028059979e38]
Event: 482.851 Thread 0x000002806f1fe000 5426       1       java.util.concurrent.atomic.AtomicIntegerFieldUpdater$AtomicIntegerFieldUpdaterImpl::accessCheck (17 bytes)
Event: 482.851 Thread 0x000002806f1fe000 nmethod 5426 0x0000028059979e90 code [0x000002805997a040, 0x000002805997a1b0]
Event: 483.096 Thread 0x000002806f1fe000 5427       1       java.util.TreeSet::iterator (15 bytes)
Event: 483.096 Thread 0x000002806f1fe000 nmethod 5427 0x000002805997a290 code [0x000002805997a440, 0x000002805997a5c0]
Event: 492.423 Thread 0x000002806f1fe000 5428  s    1       sun.rmi.transport.Target::decrementCallCount (49 bytes)
Event: 492.423 Thread 0x000002806f1fe000 nmethod 5428 0x000002805997a690 code [0x000002805997a860, 0x000002805997abe0]

GC Heap History (10 events):
Event: 2.154 GC heap before
{Heap before GC invocations=6 (full 0):
 garbage-first heap   total 131072K, used 58789K [0x0000000081400000, 0x0000000100000000)
  region size 1024K, 52 young (53248K), 6 survivors (6144K)
 Metaspace       used 34684K, capacity 35850K, committed 35920K, reserved 1081344K
  class space    used 4360K, capacity 4825K, committed 4864K, reserved 1048576K
}
Event: 2.161 GC heap after
{Heap after GC invocations=7 (full 0):
 garbage-first heap   total 131072K, used 15197K [0x0000000081400000, 0x0000000100000000)
  region size 1024K, 8 young (8192K), 8 survivors (8192K)
 Metaspace       used 34684K, capacity 35850K, committed 35920K, reserved 1081344K
  class space    used 4360K, capacity 4825K, committed 4864K, reserved 1048576K
}
Event: 2.424 GC heap before
{Heap before GC invocations=8 (full 0):
 garbage-first heap   total 131072K, used 83805K [0x0000000081400000, 0x0000000100000000)
  region size 1024K, 76 young (77824K), 8 survivors (8192K)
 Metaspace       used 38123K, capacity 39515K, committed 39760K, reserved 1083392K
  class space    used 4799K, capacity 5342K, committed 5376K, reserved 1048576K
}
Event: 2.433 GC heap after
{Heap after GC invocations=9 (full 0):
 garbage-first heap   total 131072K, used 17795K [0x0000000081400000, 0x0000000100000000)
  region size 1024K, 8 young (8192K), 8 survivors (8192K)
 Metaspace       used 38123K, capacity 39515K, committed 39760K, reserved 1083392K
  class space    used 4799K, capacity 5342K, committed 5376K, reserved 1048576K
}
Event: 3.003 GC heap before
{Heap before GC invocations=9 (full 0):
 garbage-first heap   total 131072K, used 86403K [0x0000000081400000, 0x0000000100000000)
  region size 1024K, 76 young (77824K), 8 survivors (8192K)
 Metaspace       used 47618K, capacity 49104K, committed 49232K, reserved 1091584K
  class space    used 6012K, capacity 6577K, committed 6656K, reserved 1048576K
}
Event: 3.013 GC heap after
{Heap after GC invocations=10 (full 0):
 garbage-first heap   total 157696K, used 21109K [0x0000000081400000, 0x0000000100000000)
  region size 1024K, 9 young (9216K), 9 survivors (9216K)
 Metaspace       used 47618K, capacity 49104K, committed 49232K, reserved 1091584K
  class space    used 6012K, capacity 6577K, committed 6656K, reserved 1048576K
}
Event: 3.593 GC heap before
{Heap before GC invocations=10 (full 0):
 garbage-first heap   total 157696K, used 88693K [0x0000000081400000, 0x0000000100000000)
  region size 1024K, 76 young (77824K), 9 survivors (9216K)
 Metaspace       used 58469K, capacity 60171K, committed 60240K, reserved 1101824K
  class space    used 7501K, capacity 8173K, committed 8192K, reserved 1048576K
}
Event: 3.611 GC heap after
{Heap after GC invocations=11 (full 0):
 garbage-first heap   total 157696K, used 24389K [0x0000000081400000, 0x0000000100000000)
  region size 1024K, 10 young (10240K), 10 survivors (10240K)
 Metaspace       used 58469K, capacity 60171K, committed 60240K, reserved 1101824K
  class space    used 7501K, capacity 8173K, committed 8192K, reserved 1048576K
}
Event: 4.182 GC heap before
{Heap before GC invocations=12 (full 0):
 garbage-first heap   total 157696K, used 108357K [0x0000000081400000, 0x0000000100000000)
  region size 1024K, 92 young (94208K), 10 survivors (10240K)
 Metaspace       used 62009K, capacity 63951K, committed 64208K, reserved 1105920K
  class space    used 8054K, capacity 8812K, committed 8832K, reserved 1048576K
}
Event: 4.191 GC heap after
{Heap after GC invocations=13 (full 0):
 garbage-first heap   total 157696K, used 30154K [0x0000000081400000, 0x0000000100000000)
  region size 1024K, 10 young (10240K), 10 survivors (10240K)
 Metaspace       used 62009K, capacity 63951K, committed 64208K, reserved 1105920K
  class space    used 8054K, capacity 8812K, committed 8832K, reserved 1048576K
}

Deoptimization events (0 events):
No events

Classes redefined (3 events):
Event: 33.922 Thread 0x000002806f1b5800 redefined class name=com.hangman.service.HangmanServiceImpl, count=1
Event: 183.355 Thread 0x000002806f1b5800 redefined class name=com.hangman.service.HangmanServiceImpl, count=2
Event: 522.389 Thread 0x000002806f1b5800 redefined class name=com.hangman.service.HangmanServiceImpl, count=3

Internal exceptions (10 events):
Event: 4.904 Thread 0x0000028071b85800 Exception <a 'java/lang/ClassNotFoundException'{0x0000000087c3c658}: org/springframework/context/support/LiveBeansView> (0x0000000087c3c658) thrown at [./open/src/hotspot/share/classfile/systemDictionary.cpp, line 228]
Event: 4.904 Thread 0x0000028071b85800 Exception <a 'java/lang/ClassNotFoundException'{0x0000000087c3ca08}: org/springframework/context/support/LiveBeansView> (0x0000000087c3ca08) thrown at [./open/src/hotspot/share/classfile/systemDictionary.cpp, line 228]
Event: 4.913 Thread 0x0000028071b85800 Exception <a 'java/lang/reflect/InvocationTargetException'{0x0000000087cad048}> (0x0000000087cad048) thrown at [./open/src/hotspot/share/runtime/reflection.cpp, line 1242]
Event: 4.914 Thread 0x0000028071b85800 Exception <a 'java/security/PrivilegedActionException'{0x0000000087cf2368}> (0x0000000087cf2368) thrown at [./open/src/hotspot/share/prims/jvm.cpp, line 1296]
Event: 4.914 Thread 0x0000028071b85800 Exception <a 'java/lang/reflect/InvocationTargetException'{0x0000000087cf2638}> (0x0000000087cf2638) thrown at [./open/src/hotspot/share/runtime/reflection.cpp, line 1242]
Event: 54.730 Thread 0x00000280720a8800 Exception <a 'java/lang/NoSuchMethodError'{0x0000000087279c38}: java.lang.invoke.DirectMethodHandle$Holder.invokeStaticInit(Ljava/lang/Object;Ljava/lang/Object;Ljava/lang/Object;Ljava/lang/Object;Ljava/lang/Object;Ljava/lang/Object;)Ljava/lang/Object;> (0
Event: 58.286 Thread 0x0000028074796800 Exception <a 'java/lang/ClassNotFoundException'{0x0000000086a6ca28}: java/lang/ObjectCustomizer> (0x0000000086a6ca28) thrown at [./open/src/hotspot/share/classfile/systemDictionary.cpp, line 228]
Event: 58.288 Thread 0x0000028074796800 Exception <a 'java/lang/ClassNotFoundException'{0x0000000086a820a0}: com/fasterxml/jackson/databind/JsonDeserializerCustomizer> (0x0000000086a820a0) thrown at [./open/src/hotspot/share/classfile/systemDictionary.cpp, line 228]
Event: 58.290 Thread 0x0000028074796800 Exception <a 'java/lang/ClassNotFoundException'{0x0000000086aa5e00}: com/hangman/utils/ListDeserializerCustomizer> (0x0000000086aa5e00) thrown at [./open/src/hotspot/share/classfile/systemDictionary.cpp, line 228]
Event: 58.291 Thread 0x0000028074796800 Exception <a 'java/lang/ClassNotFoundException'{0x0000000086ac8df0}: com/fasterxml/jackson/databind/deser/NullValueProviderCustomizer> (0x0000000086ac8df0) thrown at [./open/src/hotspot/share/classfile/systemDictionary.cpp, line 228]

Events (10 events):
Event: 522.495 Executing VM operation: SetFramePop done
Event: 522.495 Executing VM operation: GetFrameLocation
Event: 522.495 Executing VM operation: GetFrameLocation done
Event: 522.496 Executing VM operation: GetCurrentLocation
Event: 522.496 Executing VM operation: GetCurrentLocation done
Event: 522.496 Executing VM operation: ChangeSingleStep
Event: 522.496 Executing VM operation: ChangeSingleStep done
Event: 522.496 Executing VM operation: GetFrameLocation
Event: 522.496 Executing VM operation: GetFrameLocation done
Event: 522.496 Executing VM operation: GetOrSetLocal


Dynamic libraries:
0x00007ff603150000 - 0x00007ff60315f000 	C:\Program Files\Java\jdk-11.0.8\bin\javaw.exe
0x00007ffda8d70000 - 0x00007ffda8f65000 	C:\WINDOWS\SYSTEM32\ntdll.dll
0x00007ffda8ab0000 - 0x00007ffda8b6d000 	C:\WINDOWS\System32\KERNEL32.DLL
0x00007ffda64e0000 - 0x00007ffda67a8000 	C:\WINDOWS\System32\KERNELBASE.dll
0x00007ffda6a00000 - 0x00007ffda6b00000 	C:\WINDOWS\System32\ucrtbase.dll
0x00007ffd961e0000 - 0x00007ffd961f5000 	C:\Program Files\Java\jdk-11.0.8\bin\VCRUNTIME140.dll
0x00007ffd96200000 - 0x00007ffd96218000 	C:\Program Files\Java\jdk-11.0.8\bin\jli.dll
0x00007ffda7830000 - 0x00007ffda78dc000 	C:\WINDOWS\System32\ADVAPI32.dll
0x00007ffda8070000 - 0x00007ffda810e000 	C:\WINDOWS\System32\msvcrt.dll
0x00007ffda7c50000 - 0x00007ffda7ceb000 	C:\WINDOWS\System32\sechost.dll
0x00007ffda8170000 - 0x00007ffda829b000 	C:\WINDOWS\System32\RPCRT4.dll
0x00007ffda7ed0000 - 0x00007ffda8070000 	C:\WINDOWS\System32\USER32.dll
0x00007ffda6cc0000 - 0x00007ffda6ce2000 	C:\WINDOWS\System32\win32u.dll
0x00007ffd94bd0000 - 0x00007ffd94e6a000 	C:\WINDOWS\WinSxS\amd64_microsoft.windows.common-controls_6595b64144ccf1df_6.0.19041.844_none_ca00b6081b84eb1d\COMCTL32.dll
0x00007ffda7cf0000 - 0x00007ffda7d1a000 	C:\WINDOWS\System32\GDI32.dll
0x00007ffda6bb0000 - 0x00007ffda6cbb000 	C:\WINDOWS\System32\gdi32full.dll
0x00007ffda67b0000 - 0x00007ffda684d000 	C:\WINDOWS\System32\msvcp_win.dll
0x00007ffd9d110000 - 0x00007ffd9d11a000 	C:\WINDOWS\SYSTEM32\VERSION.dll
0x00007ffda77f0000 - 0x00007ffda7820000 	C:\WINDOWS\System32\IMM32.DLL
0x00007ffd948c0000 - 0x00007ffd9495b000 	C:\Program Files\Java\jdk-11.0.8\bin\msvcp140.dll
0x00007ffd37570000 - 0x00007ffd38056000 	C:\Program Files\Java\jdk-11.0.8\bin\server\jvm.dll
0x00007ffda7820000 - 0x00007ffda7828000 	C:\WINDOWS\System32\PSAPI.DLL
0x00007ffd89d90000 - 0x00007ffd89d99000 	C:\WINDOWS\SYSTEM32\WSOCK32.dll
0x00007ffd96c50000 - 0x00007ffd96c77000 	C:\WINDOWS\SYSTEM32\WINMM.dll
0x00007ffda88f0000 - 0x00007ffda895b000 	C:\WINDOWS\System32\WS2_32.dll
0x00007ffda5100000 - 0x00007ffda5112000 	C:\WINDOWS\SYSTEM32\kernel.appcore.dll
0x00007ffd9da60000 - 0x00007ffd9da70000 	C:\Program Files\Java\jdk-11.0.8\bin\verify.dll
0x00007ffda4d80000 - 0x00007ffda4f64000 	C:\WINDOWS\SYSTEM32\DBGHELP.DLL
0x00007ffd88050000 - 0x00007ffd8807c000 	C:\WINDOWS\SYSTEM32\dbgcore.DLL
0x00007ffda6b30000 - 0x00007ffda6bb0000 	C:\WINDOWS\System32\bcryptPrimitives.dll
0x00007ffd94890000 - 0x00007ffd948b8000 	C:\Program Files\Java\jdk-11.0.8\bin\java.dll
0x00007ffd9c3d0000 - 0x00007ffd9c3da000 	C:\Program Files\Java\jdk-11.0.8\bin\jimage.dll
0x00007ffd8eae0000 - 0x00007ffd8eb18000 	C:\Program Files\Java\jdk-11.0.8\bin\jdwp.dll
0x00007ffd961c0000 - 0x00007ffd961d6000 	C:\Program Files\Java\jdk-11.0.8\bin\zip.dll
0x00007ffda6ff0000 - 0x00007ffda7732000 	C:\WINDOWS\System32\SHELL32.dll
0x00007ffda4210000 - 0x00007ffda49a0000 	C:\WINDOWS\SYSTEM32\windows.storage.dll
0x00007ffda78e0000 - 0x00007ffda7c35000 	C:\WINDOWS\System32\combase.dll
0x00007ffda5ef0000 - 0x00007ffda5f1c000 	C:\WINDOWS\SYSTEM32\Wldp.dll
0x00007ffda6eb0000 - 0x00007ffda6f5e000 	C:\WINDOWS\System32\SHCORE.dll
0x00007ffda8110000 - 0x00007ffda8165000 	C:\WINDOWS\System32\shlwapi.dll
0x00007ffda63c0000 - 0x00007ffda63df000 	C:\WINDOWS\SYSTEM32\profapi.dll
0x00007ffd9deb0000 - 0x00007ffd9deba000 	C:\Program Files\Java\jdk-11.0.8\bin\dt_socket.dll
0x00007ffda5c60000 - 0x00007ffda5cca000 	C:\WINDOWS\System32\mswsock.dll
0x00007ffda5920000 - 0x00007ffda59ec000 	C:\WINDOWS\SYSTEM32\DNSAPI.dll
0x00007ffda58e0000 - 0x00007ffda591b000 	C:\WINDOWS\SYSTEM32\IPHLPAPI.DLL
0x00007ffda7c40000 - 0x00007ffda7c48000 	C:\WINDOWS\System32\NSI.dll
0x00007ffd952a0000 - 0x00007ffd9531f000 	C:\WINDOWS\System32\fwpuclnt.dll
0x00007ffda6b00000 - 0x00007ffda6b27000 	C:\WINDOWS\System32\bcrypt.dll
0x00007ffd9a140000 - 0x00007ffd9a14a000 	C:\Windows\System32\rasadhlp.dll
0x00007ffd94870000 - 0x00007ffd94889000 	C:\Program Files\Java\jdk-11.0.8\bin\net.dll
0x00007ffd9b750000 - 0x00007ffd9b85b000 	C:\WINDOWS\SYSTEM32\WINHTTP.dll
0x00007ffd94850000 - 0x00007ffd94862000 	C:\Program Files\Java\jdk-11.0.8\bin\nio.dll
0x00007ffd9dbd0000 - 0x00007ffd9dbd9000 	C:\Program Files\Java\jdk-11.0.8\bin\management.dll
0x00007ffd94840000 - 0x00007ffd9484b000 	C:\Program Files\Java\jdk-11.0.8\bin\management_ext.dll
0x00007ffd8a500000 - 0x00007ffd8a517000 	C:\WINDOWS\system32\napinsp.dll
0x00007ffd8a1c0000 - 0x00007ffd8a1db000 	C:\WINDOWS\system32\pnrpnsp.dll
0x00007ffd9c6a0000 - 0x00007ffd9c6b5000 	C:\WINDOWS\system32\wshbth.dll
0x00007ffd9da00000 - 0x00007ffd9da1d000 	C:\WINDOWS\system32\NLAapi.dll
0x00007ffd89e50000 - 0x00007ffd89e62000 	C:\WINDOWS\System32\winrnr.dll
0x00007ffda5e40000 - 0x00007ffda5e58000 	C:\WINDOWS\SYSTEM32\CRYPTSP.dll
0x00007ffda5530000 - 0x00007ffda5564000 	C:\WINDOWS\system32\rsaenh.dll
0x00007ffda6380000 - 0x00007ffda63ae000 	C:\WINDOWS\SYSTEM32\USERENV.dll
0x00007ffda5e30000 - 0x00007ffda5e3c000 	C:\WINDOWS\SYSTEM32\CRYPTBASE.dll
0x00007ffd9b170000 - 0x00007ffd9b187000 	C:\WINDOWS\SYSTEM32\dhcpcsvc6.DLL
0x00007ffd9b3f0000 - 0x00007ffd9b40d000 	C:\WINDOWS\SYSTEM32\dhcpcsvc.DLL

dbghelp: loaded successfully - version: 4.0.5 - missing functions: none
symbol engine: initialized successfully - sym options: 0x614 - pdb path: .;C:\Program Files\Java\jdk-11.0.8\bin;C:\WINDOWS\SYSTEM32;C:\WINDOWS\WinSxS\amd64_microsoft.windows.common-controls_6595b64144ccf1df_6.0.19041.844_none_ca00b6081b84eb1d;C:\Program Files\Java\jdk-11.0.8\bin\server

VM Arguments:
jvm_args: -agentlib:jdwp=transport=dt_socket,suspend=y,address=localhost:62145 -Dcom.sun.management.jmxremote -Dcom.sun.management.jmxremote.port=62144 -Dcom.sun.management.jmxremote.authenticate=false -Dcom.sun.management.jmxremote.ssl=false -Djava.rmi.server.hostname=localhost -Dspring.jmx.enabled=true -Dspring.liveBeansView.mbeanDomain -Dspring.application.admin.enabled=true -Xverify:none -XX:TieredStopAtLevel=1 -Dspring.boot.project.name=hangman -Dfile.encoding=UTF-8 
java_command: com.hangman.HangmanApplication
java_class_path (initial): C:\hangman_workspace\hangman\target\classes;C:\Users\marco\.m2\repository\org\springframework\boot\spring-boot-starter-data-jpa\2.5.0\spring-boot-starter-data-jpa-2.5.0.jar;C:\Users\marco\.m2\repository\org\springframework\boot\spring-boot-starter-aop\2.5.0\spring-boot-starter-aop-2.5.0.jar;C:\Users\marco\.m2\repository\org\springframework\spring-aop\5.3.7\spring-aop-5.3.7.jar;C:\Users\marco\.m2\repository\org\aspectj\aspectjweaver\1.9.6\aspectjweaver-1.9.6.jar;C:\Users\marco\.m2\repository\org\springframework\boot\spring-boot-starter-jdbc\2.5.0\spring-boot-starter-jdbc-2.5.0.jar;C:\Users\marco\.m2\repository\com\zaxxer\HikariCP\4.0.3\HikariCP-4.0.3.jar;C:\Users\marco\.m2\repository\org\springframework\spring-jdbc\5.3.7\spring-jdbc-5.3.7.jar;C:\Users\marco\.m2\repository\jakarta\transaction\jakarta.transaction-api\1.3.3\jakarta.transaction-api-1.3.3.jar;C:\Users\marco\.m2\repository\jakarta\persistence\jakarta.persistence-api\2.2.3\jakarta.persistence-api-2.2.3.jar;C:\Users\marco\.m2\repository\org\hibernate\hibernate-core\5.4.31.Final\hibernate-core-5.4.31.Final.jar;C:\Users\marco\.m2\repository\org\jboss\logging\jboss-logging\3.4.1.Final\jboss-logging-3.4.1.Final.jar;C:\Users\marco\.m2\repository\org\javassist\javassist\3.27.0-GA\javassist-3.27.0-GA.jar;C:\Users\marco\.m2\repository\net\bytebuddy\byte-buddy\1.10.22\byte-buddy-1.10.22.jar;C:\Users\marco\.m2\repository\antlr\antlr\2.7.7\antlr-2.7.7.jar;C:\Users\marco\.m2\repository\org\jboss\jandex\2.2.3.Final\jandex-2.2.3.Final.jar;C:\Users\marco\.m2\repository\com\fasterxml\classmate\1.5.1\classmate-1.5.1.jar;C:\Users\marco\.m2\repository\org\dom4j\dom4j\2.1.3\dom4j-2.1.3.jar;C:\Users\marco\.m2\repository\org\hibernate\common\hibernate-commons-annotations\5.1.2.Final\hibernate-commons-annotations-5.1.2.Final.jar;C:\Users\marco\.m2\repository\org\glassfish\jaxb\jaxb-runtime\2.3.4\jaxb-runtime-2.3.4.jar;C:\Users\marco\.m2\repository\org\glassfish\jaxb\txw2\2.3.4\txw2-2.3.4.jar;C:\Users\m
Launcher Type: SUN_STANDARD

[Global flags]
     bool BytecodeVerificationLocal                = false                                     {product} {command line}
     bool BytecodeVerificationRemote               = false                                     {product} {command line}
     intx CICompilerCount                          = 4                                         {product} {ergonomic}
     uint ConcGCThreads                            = 2                                         {product} {ergonomic}
     uint G1ConcRefinementThreads                  = 8                                         {product} {ergonomic}
   size_t G1HeapRegionSize                         = 1048576                                   {product} {ergonomic}
    uintx GCDrainStackTargetSize                   = 64                                        {product} {ergonomic}
   size_t InitialHeapSize                          = 134217728                                 {product} {ergonomic}
     bool ManagementServer                         = true                                      {product} {command line}
   size_t MarkStackSize                            = 4194304                                   {product} {ergonomic}
   size_t MaxHeapSize                              = 2126512128                                {product} {ergonomic}
   size_t MaxNewSize                               = 1275068416                                {product} {ergonomic}
   size_t MinHeapDeltaBytes                        = 1048576                                   {product} {ergonomic}
    uintx NonNMethodCodeHeapSize                   = 7549744                                {pd product} {ergonomic}
    uintx NonProfiledCodeHeapSize                  = 244108496                              {pd product} {ergonomic}
    uintx ProfiledCodeHeapSize                     = 0                                      {pd product} {ergonomic}
    uintx ReservedCodeCacheSize                    = 251658240                              {pd product} {ergonomic}
     bool SegmentedCodeCache                       = true                                      {product} {ergonomic}
     intx TieredStopAtLevel                        = 1                                         {product} {command line}
     bool UseCompressedClassPointers               = true                                 {lp64_product} {ergonomic}
     bool UseCompressedOops                        = true                                 {lp64_product} {ergonomic}
     bool UseG1GC                                  = true                                      {product} {ergonomic}
     bool UseLargePagesIndividualAllocation        = false                                  {pd product} {ergonomic}

Logging:
Log output configuration:
 #0: stdout all=warning uptime,level,tags
 #1: stderr all=off uptime,level,tags

Environment Variables:
JAVA_HOME=C:\Program Files\Java\jdk-11.0.8
PATH=C:\Program Files\Common Files\Oracle\Java\javapath;C:\Program Files (x86)\Intel\Intel(R) Management Engine Components\iCLS\;C:\Program Files\Intel\Intel(R) Management Engine Components\iCLS\;C:\Python38\Scripts\;C:\Python38\;C:\app\marco\product\11.2.0\dbhome_4\bin;C:\windows\system32;C:\windows;C:\windows\System32\Wbem;C:\windows\System32\WindowsPowerShell\v1.0\;C:\windows\System32\OpenSSH\;C:\Program Files (x86)\NVIDIA Corporation\PhysX\Common;C:\WINDOWS\system32;C:\WINDOWS;C:\WINDOWS\System32\Wbem;C:\WINDOWS\System32\WindowsPowerShell\v1.0\;C:\WINDOWS\System32\OpenSSH\;C:\Program Files\nodejs\;C:\ProgramData\chocolatey\bin;C:\Program Files (x86)\Intel\Intel(R) Management Engine Components\DAL;C:\Program Files\Intel\Intel(R) Management Engine Components\DAL;C:\apache-maven-3.6.3\bin;C:\Program Files\dotnet\;C:\Program Files\TortoiseGit\bin;C:\Program Files\TortoiseSVN\bin;C:\Program Files\Git\cmd;"C:\Users\marco\AppData\Local\Microsoft\WindowsApps;C:\Program Files\Java\jdk-11.0.8bin;";C:\Users\marco\AppData\Local\Programs\Microsoft VS Code\bin;C:\Users\marco\AppData\Local\Microsoft\WindowsApps;C:\Users\marco\AppData\Roaming\npm;C:\apache-maven-3.6.3\bin;C:\Users\marco\.dotnet\tools;
USERNAME=marco
OS=Windows_NT
PROCESSOR_IDENTIFIER=Intel64 Family 6 Model 142 Stepping 10, GenuineIntel



---------------  S Y S T E M  ---------------

OS: Windows 10 , 64 bit Build 19041 (10.0.19041.928)

CPU:total 8 (initial active 8) (4 cores per cpu, 2 threads per core) family 6 model 142 stepping 10, cmov, cx8, fxsr, mmx, sse, sse2, sse3, ssse3, sse4.1, sse4.2, popcnt, avx, avx2, aes, clmul, erms, 3dnowpref, lzcnt, ht, tsc, tscinvbit, bmi1, bmi2, adx, fma

Memory: 4k page, system-wide physical 8106M (1701M free)
TotalPageFile size 24107M (AvailPageFile size 10131M)
current process WorkingSet (physical memory assigned to process): 268M, peak: 268M
current process commit charge ("private bytes"): 336M, peak: 336M

vm_info: Java HotSpot(TM) 64-Bit Server VM (11.0.8+10-LTS) for windows-amd64 JRE (11.0.8+10-LTS), built on Jun 16 2020 05:53:08 by "mach5one" with unknown MS VC++:1916

END.
